<?xml version="1.0" encoding="UTF-8"?>
<!-- Generated by org.testng.reporters.JUnitXMLReporter -->
<testsuite hostname="ASDA0061" name="Default test" tests="5" failures="0" timestamp="26 Jun 2015 10:07:32 GMT" time="18.057" errors="0">
  <testcase name="m1" time="3.276" classname="test.BasicComplete"/>
  <testcase name="m2" time="11.702" classname="test.BasicComplete"/>
  <testcase name="m3" time="0.19" classname="test.BasicComplete"/>
  <testcase name="m4" time="2.416" classname="test.BasicComplete"/>
  <testcase name="m5" time="0.146" classname="test.BasicComplete"/>
</testsuite> <!-- Default test -->
