<?xml version="1.0" encoding="UTF-8"?>
<testng-results skipped="0" failed="0" total="1" passed="1">
  <reporter-output>
  </reporter-output>
  <suite name="mavenRandD.Maven1Test" duration-ms="19" started-at="2015-06-30T05:40:35Z" finished-at="2015-06-30T05:40:35Z">
    <groups>
    </groups>
    <test name="Command line test" duration-ms="19" started-at="2015-06-30T05:40:35Z" finished-at="2015-06-30T05:40:35Z">
      <class name="mavenRandD.Maven1Test">
        <test-method status="PASS" signature="printPassedValue()[pri:0, instance:mavenRandD.Maven1Test@2b80d80f]" name="printPassedValue" duration-ms="8" started-at="2015-06-30T11:10:35Z" finished-at="2015-06-30T11:10:35Z">
          <reporter-output>
          </reporter-output>
        </test-method> <!-- printPassedValue -->
      </class> <!-- mavenRandD.Maven1Test -->
    </test> <!-- Command line test -->
  </suite> <!-- mavenRandD.Maven1Test -->
</testng-results>
