<?xml version="1.0" encoding="UTF-8"?>
<testng-results skipped="0" failed="0" total="5" passed="5">
  <reporter-output>
  </reporter-output>
  <suite name="Default suite" duration-ms="18057" started-at="2015-06-26T10:07:14Z" finished-at="2015-06-26T10:07:32Z">
    <groups>
    </groups>
    <test name="Default test" duration-ms="18057" started-at="2015-06-26T10:07:14Z" finished-at="2015-06-26T10:07:32Z">
      <class name="test.BasicComplete">
        <test-method status="PASS" signature="setUP()[pri:0, instance:test.BasicComplete@1ca3b418]" name="setUP" is-config="true" duration-ms="314" started-at="2015-06-26T15:37:14Z" finished-at="2015-06-26T15:37:14Z">
          <reporter-output>
          </reporter-output>
        </test-method> <!-- setUP -->
        <test-method status="PASS" signature="m1()[pri:0, instance:test.BasicComplete@1ca3b418]" name="m1" duration-ms="3276" started-at="2015-06-26T15:37:14Z" finished-at="2015-06-26T15:37:17Z">
          <reporter-output>
          </reporter-output>
        </test-method> <!-- m1 -->
        <test-method status="PASS" signature="m2()[pri:0, instance:test.BasicComplete@1ca3b418]" name="m2" duration-ms="11702" started-at="2015-06-26T15:37:17Z" finished-at="2015-06-26T15:37:29Z">
          <reporter-output>
          </reporter-output>
        </test-method> <!-- m2 -->
        <test-method status="PASS" signature="m3()[pri:0, instance:test.BasicComplete@1ca3b418]" name="m3" duration-ms="190" started-at="2015-06-26T15:37:29Z" finished-at="2015-06-26T15:37:29Z">
          <reporter-output>
          </reporter-output>
        </test-method> <!-- m3 -->
        <test-method status="PASS" signature="m4()[pri:0, instance:test.BasicComplete@1ca3b418]" name="m4" duration-ms="2416" started-at="2015-06-26T15:37:29Z" finished-at="2015-06-26T15:37:32Z">
          <reporter-output>
          </reporter-output>
        </test-method> <!-- m4 -->
        <test-method status="PASS" signature="m5()[pri:0, instance:test.BasicComplete@1ca3b418]" name="m5" duration-ms="146" started-at="2015-06-26T15:37:32Z" finished-at="2015-06-26T15:37:32Z">
          <reporter-output>
          </reporter-output>
        </test-method> <!-- m5 -->
        <test-method status="PASS" signature="close()[pri:0, instance:test.BasicComplete@1ca3b418]" name="close" is-config="true" duration-ms="4" started-at="2015-06-26T15:37:32Z" finished-at="2015-06-26T15:37:32Z">
          <reporter-output>
          </reporter-output>
        </test-method> <!-- close -->
      </class> <!-- test.BasicComplete -->
    </test> <!-- Default test -->
  </suite> <!-- Default suite -->
</testng-results>
